nohup: 忽略输入
Vocab:  500
main.py:98: UserWarning: torch.nn.utils.clip_grad_norm is now deprecated in favor of torch.nn.utils.clip_grad_norm_.
  nn.utils.clip_grad_norm(model.parameters(), clip)
Epoch: 0,  loss: 5.78548 
Epoch: 1,  loss: 5.41929 
Epoch: 2,  loss: 5.39754 
Epoch: 3,  loss: 5.37576 
Epoch: 4,  loss: 5.29507 
Epoch: 5,  loss: 5.29422 
Epoch: 6,  loss: 5.12725 
Epoch: 7,  loss: 4.99723 
Epoch: 8,  loss: 4.85863 
Epoch: 9,  loss: 4.62358 
Epoch: 10,  loss: 4.33967 
Epoch: 11,  loss: 4.06904 
Epoch: 12,  loss: 4.08078 
Epoch: 13,  loss: 3.90920 
Epoch: 14,  loss: 3.89406 
Epoch: 15,  loss: 3.79658 
Epoch: 16,  loss: 3.67220 
Epoch: 17,  loss: 3.52083 
Epoch: 18,  loss: 3.64749 
Epoch: 19,  loss: 3.43888 
Epoch: 20,  loss: 3.42621 
Epoch: 21,  loss: 3.47338 
Epoch: 22,  loss: 3.34288 
Epoch: 23,  loss: 3.20881 
Epoch: 24,  loss: 3.18043 
Epoch: 25,  loss: 3.14736 
Epoch: 26,  loss: 2.98077 
Epoch: 27,  loss: 2.87058 
Epoch: 28,  loss: 2.75172 
Epoch: 29,  loss: 2.68992 
Epoch: 30,  loss: 2.61512 
Epoch: 31,  loss: 2.59839 
Epoch: 32,  loss: 2.70984 
Epoch: 33,  loss: 2.61741 
Epoch: 34,  loss: 2.56278 
Epoch: 35,  loss: 2.57765 
Epoch: 36,  loss: 2.52183 
Epoch: 37,  loss: 2.44874 
Epoch: 38,  loss: 2.48553 
Epoch: 39,  loss: 2.54072 
Epoch: 40,  loss: 2.59209 
Epoch: 41,  loss: 2.65840 
Epoch: 42,  loss: 2.64091 
Epoch: 43,  loss: 2.60311 
Epoch: 44,  loss: 2.51892 
Epoch: 45,  loss: 2.44241 
Epoch: 46,  loss: 2.32919 
Epoch: 47,  loss: 2.30625 
Epoch: 48,  loss: 2.23510 
Epoch: 49,  loss: 2.28087 
Epoch: 50,  loss: 2.21670 
Epoch: 51,  loss: 2.26044 
Epoch: 52,  loss: 2.31507 
Epoch: 53,  loss: 2.40290 
Epoch: 54,  loss: 2.29576 
Epoch: 55,  loss: 2.28974 
Epoch: 56,  loss: 2.19330 
Epoch: 57,  loss: 2.31346 
Epoch: 58,  loss: 2.36671 
Epoch: 59,  loss: 2.31691 
Epoch: 60,  loss: 2.14624 
Epoch: 61,  loss: 2.07154 
Epoch: 62,  loss: 2.38743 
Epoch: 63,  loss: 2.27292 
Epoch: 64,  loss: 2.10494 
Epoch: 65,  loss: 2.00904 
Epoch: 66,  loss: 1.92874 
Epoch: 67,  loss: 2.00968 
Epoch: 68,  loss: 2.11743 
Epoch: 69,  loss: 1.99432 
Epoch: 70,  loss: 2.06677 
Epoch: 71,  loss: 2.04220 
Epoch: 72,  loss: 2.03498 
Epoch: 73,  loss: 2.05236 
Epoch: 74,  loss: 1.87784 
Epoch: 75,  loss: 1.92332 
Epoch: 76,  loss: 1.94581 
Epoch: 77,  loss: 1.86147 
Epoch: 78,  loss: 1.86968 
Epoch: 79,  loss: 1.77670 
Epoch: 80,  loss: 1.71741 
Epoch: 81,  loss: 1.74878 
Epoch: 82,  loss: 1.77915 
Epoch: 83,  loss: 1.68510 
Epoch: 84,  loss: 1.70588 
Epoch: 85,  loss: 1.69705 
Epoch: 86,  loss: 1.66043 
Epoch: 87,  loss: 1.55922 
Epoch: 88,  loss: 1.51568 
Epoch: 89,  loss: 1.72913 
Epoch: 90,  loss: 2.00612 
Epoch: 91,  loss: 1.53635 
Epoch: 92,  loss: 1.51186 
Epoch: 93,  loss: 1.46344 
Epoch: 94,  loss: 1.52881 
Epoch: 95,  loss: 1.64510 
Epoch: 96,  loss: 1.58559 
Epoch: 97,  loss: 1.60618 
Epoch: 98,  loss: 1.40384 
Epoch: 99,  loss: 1.36887 
Epoch: 100,  loss: 1.26223 
Epoch: 101,  loss: 1.37423 
Epoch: 102,  loss: 2.03543 
Epoch: 103,  loss: 1.33141 
Epoch: 104,  loss: 1.36611 
Epoch: 105,  loss: 1.38223 
Epoch: 106,  loss: 1.32124 
Epoch: 107,  loss: 1.53053 
Epoch: 108,  loss: 1.35415 
Epoch: 109,  loss: 1.51278 
Epoch: 110,  loss: 1.38602 
Epoch: 111,  loss: 1.24553 
Epoch: 112,  loss: 1.32816 
Epoch: 113,  loss: 1.20121 
Epoch: 114,  loss: 1.21016 
Epoch: 115,  loss: 1.17696 
Epoch: 116,  loss: 1.15963 
Epoch: 117,  loss: 1.22348 
Epoch: 118,  loss: 1.18129 
Epoch: 119,  loss: 1.22377 
Epoch: 120,  loss: 1.20176 
Epoch: 121,  loss: 1.12023 
Epoch: 122,  loss: 1.29063 
Epoch: 123,  loss: 1.10809 
Epoch: 124,  loss: 1.07409 
Epoch: 125,  loss: 1.08476 
Epoch: 126,  loss: 1.05165 
Epoch: 127,  loss: 1.05354 
Epoch: 128,  loss: 1.01318 
Epoch: 129,  loss: 1.01024 
Epoch: 130,  loss: 1.06353 
Epoch: 131,  loss: 1.04239 
Epoch: 132,  loss: 1.46257 
Epoch: 133,  loss: 1.06753 
Epoch: 134,  loss: 0.98707 
Epoch: 135,  loss: 1.00674 
Epoch: 136,  loss: 0.97673 
Epoch: 137,  loss: 0.97428 
Epoch: 138,  loss: 0.93613 
Epoch: 139,  loss: 0.92492 
Epoch: 140,  loss: 0.88581 
Epoch: 141,  loss: 1.02461 
Epoch: 142,  loss: 0.91291 
Epoch: 143,  loss: 1.07405 
Epoch: 144,  loss: 0.99766 
Epoch: 145,  loss: 0.99020 
Epoch: 146,  loss: 1.01874 
Epoch: 147,  loss: 0.90920 
Epoch: 148,  loss: 0.94894 
Epoch: 149,  loss: 0.88216 
Epoch: 150,  loss: 0.78471 
Epoch: 151,  loss: 0.86705 
Epoch: 152,  loss: 0.88086 
Epoch: 153,  loss: 1.02211 
Epoch: 154,  loss: 0.96790 
Epoch: 155,  loss: 0.94962 
Epoch: 156,  loss: 0.87842 
Epoch: 157,  loss: 0.78892 
Epoch: 158,  loss: 0.83705 
Epoch: 159,  loss: 0.89359 
Epoch: 160,  loss: 1.33648 
Epoch: 161,  loss: 1.01059 
Epoch: 162,  loss: 1.01667 
Epoch: 163,  loss: 1.95025 
Epoch: 164,  loss: 1.07465 
Epoch: 165,  loss: 1.02410 
Epoch: 166,  loss: 0.99624 
Epoch: 167,  loss: 0.91602 
Epoch: 168,  loss: 0.86653 
Epoch: 169,  loss: 0.80352 
Epoch: 170,  loss: 0.77688 
Epoch: 171,  loss: 0.85080 
Epoch: 172,  loss: 1.21940 
Epoch: 173,  loss: 1.71650 
Epoch: 174,  loss: 1.07032 
Epoch: 175,  loss: 0.90191 
Epoch: 176,  loss: 0.91966 
Epoch: 177,  loss: 0.92833 
Epoch: 178,  loss: 0.84015 
Epoch: 179,  loss: 0.73641 
Epoch: 180,  loss: 0.84163 
Epoch: 181,  loss: 0.80905 
Epoch: 182,  loss: 0.77282 
Epoch: 183,  loss: 0.73431 
Epoch: 184,  loss: 0.72465 
Epoch: 185,  loss: 0.72700 
Epoch: 186,  loss: 0.69044 
Epoch: 187,  loss: 0.62092 
Epoch: 188,  loss: 0.68980 
Epoch: 189,  loss: 0.69209 
Epoch: 190,  loss: 0.70434 
Epoch: 191,  loss: 0.66590 
Epoch: 192,  loss: 0.69507 
Epoch: 193,  loss: 0.63612 
Epoch: 194,  loss: 0.60873 
Epoch: 195,  loss: 0.64735 
Epoch: 196,  loss: 0.56965 
Epoch: 197,  loss: 0.77351 
Epoch: 198,  loss: 0.84328 
Epoch: 199,  loss: 1.33114 
Epoch: 200,  loss: 0.82201 
Epoch: 201,  loss: 0.73195 
Epoch: 202,  loss: 0.63666 
Epoch: 203,  loss: 0.62136 
Epoch: 204,  loss: 0.61315 
Epoch: 205,  loss: 0.57078 
Epoch: 206,  loss: 0.55704 
Epoch: 207,  loss: 0.51151 
Epoch: 208,  loss: 0.51354 
Epoch: 209,  loss: 0.49891 
Epoch: 210,  loss: 0.51687 
Epoch: 211,  loss: 0.47190 
Epoch: 212,  loss: 0.45936 
Epoch: 213,  loss: 0.45328 
Epoch: 214,  loss: 0.44064 
Epoch: 215,  loss: 0.44890 
Epoch: 216,  loss: 0.43371 
Epoch: 217,  loss: 0.45821 
Epoch: 218,  loss: 0.42760 
Epoch: 219,  loss: 0.41749 
Epoch: 220,  loss: 0.42230 
Epoch: 221,  loss: 0.40910 
Epoch: 222,  loss: 0.41071 
Epoch: 223,  loss: 0.41470 
Epoch: 224,  loss: 0.42452 
Epoch: 225,  loss: 0.42724 
Epoch: 226,  loss: 0.41786 
Epoch: 227,  loss: 0.39783 
Epoch: 228,  loss: 0.44550 
Epoch: 229,  loss: 0.43262 
Epoch: 230,  loss: 0.48948 
Epoch: 231,  loss: 0.47877 
Epoch: 232,  loss: 0.76565 
Epoch: 233,  loss: 0.80457 
Epoch: 234,  loss: 0.67441 
Epoch: 235,  loss: 0.66192 
Epoch: 236,  loss: 0.72815 
Epoch: 237,  loss: 0.58728 
Epoch: 238,  loss: 0.72023 
Epoch: 239,  loss: 0.61081 
Epoch: 240,  loss: 0.50277 
Epoch: 241,  loss: 0.53761 
Epoch: 242,  loss: 0.49304 
Epoch: 243,  loss: 0.46527 
Epoch: 244,  loss: 0.41166 
Epoch: 245,  loss: 0.39548 
Epoch: 246,  loss: 0.41661 
Epoch: 247,  loss: 0.40204 
Epoch: 248,  loss: 0.37603 
Epoch: 249,  loss: 0.38275 
Epoch: 250,  loss: 0.40971 
Epoch: 251,  loss: 0.46957 
Epoch: 252,  loss: 0.34760 
Epoch: 253,  loss: 0.39393 
Epoch: 254,  loss: 0.50457 
Epoch: 255,  loss: 0.56920 
Epoch: 256,  loss: 0.50939 
Epoch: 257,  loss: 0.58170 
Epoch: 258,  loss: 0.73046 
Epoch: 259,  loss: 0.52256 
Epoch: 260,  loss: 0.49178 
Epoch: 261,  loss: 0.48808 
Epoch: 262,  loss: 0.55930 
Epoch: 263,  loss: 0.51081 
Epoch: 264,  loss: 0.41517 
Epoch: 265,  loss: 0.46621 
Epoch: 266,  loss: 0.39000 
Epoch: 267,  loss: 0.40825 
Epoch: 268,  loss: 0.36751 
Epoch: 269,  loss: 0.35107 
Epoch: 270,  loss: 0.32251 
Epoch: 271,  loss: 0.37660 
Epoch: 272,  loss: 0.37675 
Epoch: 273,  loss: 0.32470 
Epoch: 274,  loss: 0.39439 
Epoch: 275,  loss: 0.36840 
Epoch: 276,  loss: 0.33483 
Epoch: 277,  loss: 0.33656 
Epoch: 278,  loss: 0.46044 
Epoch: 279,  loss: 0.44963 
Epoch: 280,  loss: 0.48677 
Epoch: 281,  loss: 0.38046 
Epoch: 282,  loss: 0.46055 
Epoch: 283,  loss: 0.58861 
Epoch: 284,  loss: 0.69201 
Epoch: 285,  loss: 0.51468 
Epoch: 286,  loss: 0.61053 
Epoch: 287,  loss: 0.69313 
Epoch: 288,  loss: 0.61177 
Epoch: 289,  loss: 0.73285 
Epoch: 290,  loss: 0.55214 
Epoch: 291,  loss: 0.63071 
Epoch: 292,  loss: 0.54166 
Epoch: 293,  loss: 0.47258 
Epoch: 294,  loss: 0.45595 
Epoch: 295,  loss: 0.45042 
Epoch: 296,  loss: 0.43453 
Epoch: 297,  loss: 0.36676 
Epoch: 298,  loss: 0.34581 
Epoch: 299,  loss: 0.36106 
Epoch: 300,  loss: 0.33808 
Epoch: 301,  loss: 0.33297 
Epoch: 302,  loss: 0.31586 
Epoch: 303,  loss: 0.29126 
Epoch: 304,  loss: 0.31036 
Epoch: 305,  loss: 0.31128 
Epoch: 306,  loss: 0.31397 
Epoch: 307,  loss: 0.30672 
Epoch: 308,  loss: 0.29032 
Epoch: 309,  loss: 0.26299 
Epoch: 310,  loss: 0.28224 
Epoch: 311,  loss: 0.28450 
Epoch: 312,  loss: 0.27946 
Epoch: 313,  loss: 0.28488 
Epoch: 314,  loss: 0.28485 
Epoch: 315,  loss: 0.27760 
Epoch: 316,  loss: 0.25540 
Epoch: 317,  loss: 0.26536 
Epoch: 318,  loss: 0.30435 
Epoch: 319,  loss: 0.32219 
Epoch: 320,  loss: 0.25117 
Epoch: 321,  loss: 0.28457 
Epoch: 322,  loss: 0.24987 
Epoch: 323,  loss: 0.24380 
Epoch: 324,  loss: 0.24278 
Epoch: 325,  loss: 0.28604 
Epoch: 326,  loss: 0.31311 
Epoch: 327,  loss: 0.29159 
Epoch: 328,  loss: 0.27128 
Epoch: 329,  loss: 0.26299 
Epoch: 330,  loss: 0.25230 
Epoch: 331,  loss: 0.28205 
Epoch: 332,  loss: 0.27171 
Epoch: 333,  loss: 0.23742 
Epoch: 334,  loss: 0.24226 
Epoch: 335,  loss: 0.29217 
Epoch: 336,  loss: 0.26665 
Epoch: 337,  loss: 0.22306 
Epoch: 338,  loss: 0.23455 
Epoch: 339,  loss: 0.23787 
Epoch: 340,  loss: 0.26046 
Epoch: 341,  loss: 0.23903 
Epoch: 342,  loss: 0.21652 
Epoch: 343,  loss: 0.21412 
Epoch: 344,  loss: 0.21166 
Epoch: 345,  loss: 0.26160 
Epoch: 346,  loss: 0.23562 
Epoch: 347,  loss: 0.26034 
Epoch: 348,  loss: 0.20841 
Epoch: 349,  loss: 0.19725 
Epoch: 350,  loss: 0.22712 
Epoch: 351,  loss: 0.22387 
Epoch: 352,  loss: 0.24784 
Epoch: 353,  loss: 0.18972 
Epoch: 354,  loss: 0.21489 
Epoch: 355,  loss: 0.23164 
Epoch: 356,  loss: 0.20553 
Epoch: 357,  loss: 0.18700 
Epoch: 358,  loss: 0.25506 
Epoch: 359,  loss: 0.19396 
Epoch: 360,  loss: 0.22627 
Epoch: 361,  loss: 0.20822 
Epoch: 362,  loss: 0.20354 
Epoch: 363,  loss: 0.18419 
Epoch: 364,  loss: 0.20535 
Epoch: 365,  loss: 0.22039 
Epoch: 366,  loss: 0.22452 
Epoch: 367,  loss: 0.18550 
Epoch: 368,  loss: 0.25692 
Epoch: 369,  loss: 0.22748 
Epoch: 370,  loss: 0.21827 
Epoch: 371,  loss: 0.23543 
Epoch: 372,  loss: 0.25982 
Epoch: 373,  loss: 0.22575 
Epoch: 374,  loss: 0.19737 
Epoch: 375,  loss: 0.21518 
Epoch: 376,  loss: 0.18731 
Epoch: 377,  loss: 0.18645 
Epoch: 378,  loss: 0.21967 
Epoch: 379,  loss: 0.20780 
Epoch: 380,  loss: 0.18009 
Epoch: 381,  loss: 0.19257 
Epoch: 382,  loss: 0.23902 
Epoch: 383,  loss: 0.24634 
Epoch: 384,  loss: 0.20846 
Epoch: 385,  loss: 0.17753 
Epoch: 386,  loss: 0.21137 
Epoch: 387,  loss: 0.23226 
Epoch: 388,  loss: 0.20440 
Epoch: 389,  loss: 0.21874 
Epoch: 390,  loss: 0.22587 
Epoch: 391,  loss: 0.20384 
Epoch: 392,  loss: 0.19224 
Epoch: 393,  loss: 0.21501 
Epoch: 394,  loss: 0.21716 
Epoch: 395,  loss: 0.21840 
Epoch: 396,  loss: 0.18195 
Epoch: 397,  loss: 0.18561 
Epoch: 398,  loss: 0.16218 
Epoch: 399,  loss: 0.21723 
Epoch: 400,  loss: 0.17630 
Epoch: 401,  loss: 0.14383 
Epoch: 402,  loss: 0.15689 
Epoch: 403,  loss: 0.14130 
Epoch: 404,  loss: 0.17372 
Epoch: 405,  loss: 0.15445 
Epoch: 406,  loss: 0.13833 
Epoch: 407,  loss: 0.18183 
Epoch: 408,  loss: 0.13828 
Epoch: 409,  loss: 0.18109 
Epoch: 410,  loss: 0.13953 
Epoch: 411,  loss: 0.16377 
Epoch: 412,  loss: 0.13034 
Epoch: 413,  loss: 0.17424 
Epoch: 414,  loss: 0.16661 
Epoch: 415,  loss: 0.14191 
Epoch: 416,  loss: 0.13669 
Epoch: 417,  loss: 0.14473 
Epoch: 418,  loss: 0.15416 
Epoch: 419,  loss: 0.16289 
Epoch: 420,  loss: 0.14625 
Epoch: 421,  loss: 0.14475 
Epoch: 422,  loss: 0.17695 
Epoch: 423,  loss: 0.16954 
Epoch: 424,  loss: 0.14459 
Epoch: 425,  loss: 0.11822 
Epoch: 426,  loss: 0.13572 
Epoch: 427,  loss: 0.16497 
Epoch: 428,  loss: 0.14606 
Epoch: 429,  loss: 0.16985 
Epoch: 430,  loss: 0.14133 
Epoch: 431,  loss: 0.13947 
Epoch: 432,  loss: 0.16072 
Epoch: 433,  loss: 0.14720 
Epoch: 434,  loss: 0.15974 
Epoch: 435,  loss: 0.16541 
Epoch: 436,  loss: 0.14529 
Epoch: 437,  loss: 0.14412 
Epoch: 438,  loss: 0.16100 
Epoch: 439,  loss: 0.14623 
Epoch: 440,  loss: 0.12742 
Epoch: 441,  loss: 0.14566 
